<?xml version="1.0" encoding="UTF-8"?>
<testsuite name="com.example.apitic.ExampleUnitTest" tests="1" skipped="0" failures="0" errors="0" timestamp="2022-03-23T01:03:32" hostname="LAPTOP-VVE7AVNN" time="0.003">
  <properties/>
  <testcase name="addition_isCorrect" classname="com.example.apitic.ExampleUnitTest" time="0.003"/>
  <system-out><![CDATA[]]></system-out>
  <system-err><![CDATA[]]></system-err>
</testsuite>
